[14:56:53] [main/INFO] (FabricLoader/GameProvider) Loading Minecraft 1.20.6 with Fabric Loader 0.15.11
[14:56:54] [main/INFO] (FabricLoader) Loading 55 mods:
	- example 1.0.0
	- fabric-api 0.100.4+1.20.6
	- fabric-api-base 0.4.40+80f8cf51b0
	- fabric-api-lookup-api-v1 1.6.59+e9d2a72bb0
	- fabric-biome-api-v1 13.0.25+be5d88beb0
	- fabric-block-api-v1 1.0.20+6dfe4c9bb0
	- fabric-block-view-api-v2 1.0.8+80f8cf51b0
	- fabric-blockrenderlayer-v1 1.1.50+80f8cf51b0
	- fabric-client-tags-api-v1 1.1.12+7f945d5bb0
	- fabric-command-api-v1 1.2.45+f71b366fb0
	- fabric-command-api-v2 2.2.24+80f8cf51b0
	- fabric-commands-v0 0.2.62+df3654b3b0
	- fabric-content-registries-v0 8.0.6+b82b2392b0
	- fabric-convention-tags-v1 2.0.7+7f945d5bb0
	- fabric-convention-tags-v2 2.1.3+f4bfb622b0
	- fabric-crash-report-info-v1 0.2.27+80f8cf51b0
	- fabric-data-attachment-api-v1 1.1.17+2a2c66b6b0
	- fabric-data-generation-api-v1 19.2.4+a5d5299db0
	- fabric-dimensions-v1 2.1.68+94793913b0
	- fabric-entity-events-v1 1.6.8+e9d2a72bb0
	- fabric-events-interaction-v0 0.7.6+c5fc38b3b0
	- fabric-game-rule-api-v1 1.0.50+80f8cf51b0
	- fabric-gametest-api-v1 1.3.18+1172e897b0
	- fabric-item-api-v1 8.2.3+6e5bbc4ab0
	- fabric-item-group-api-v1 4.1.1+f4bfb622b0
	- fabric-key-binding-api-v1 1.0.45+80f8cf51b0
	- fabric-keybindings-v0 0.2.43+df3654b3b0
	- fabric-lifecycle-events-v1 2.3.4+c5fc38b3b0
	- fabric-loot-api-v2 3.0.6+97f703dab0
	- fabric-message-api-v1 6.0.11+a7dc0e41b0
	- fabric-model-loading-api-v1 1.0.12+80f8cf51b0
	- fabric-models-v0 0.4.11+9386d8a7b0
	- fabric-networking-api-v1 4.2.0+a916f7c5b0
	- fabric-object-builder-api-v1 15.1.5+c5fc38b3b0
	- fabric-particles-v1 4.0.0+c5fc38b3b0
	- fabric-recipe-api-v1 5.0.6+9c745bbbb0
	- fabric-registry-sync-v0 5.0.18+a916f7c5b0
	- fabric-renderer-api-v1 3.3.0+81dac6a1b0
	- fabric-renderer-indigo 1.5.15+41791025b0
	- fabric-renderer-registries-v1 3.2.62+df3654b3b0
	- fabric-rendering-data-attachment-v1 0.3.46+73761d2eb0
	- fabric-rendering-fluids-v1 3.1.3+2c869dedb0
	- fabric-rendering-v0 1.1.65+df3654b3b0
	- fabric-rendering-v1 4.2.5+850ef40bb0
	- fabric-resource-conditions-api-v1 4.2.0+a5d5299db0
	- fabric-resource-loader-v0 1.1.1+f4bfb622b0
	- fabric-screen-api-v1 2.0.21+7b70ea8ab0
	- fabric-screen-handler-api-v1 1.3.75+8c7b71c2b0
	- fabric-sound-api-v1 1.0.21+c5fc38b3b0
	- fabric-transfer-api-v1 5.1.7+7fc4b352b0
	- fabric-transitive-access-wideners-v1 6.0.10+74e2f560b0
	- fabricloader 0.15.11
	- java 21
	- minecraft 1.20.6
	- mixinextras 0.3.5
[14:56:54] [main/INFO] (FabricLoader/Mixin) SpongePowered MIXIN Subsystem Version=0.8.5 Source=file:/home/zerocool/.gradle/caches/modules-2/files-2.1/net.fabricmc/sponge-mixin/0.13.3+mixin.0.8.5/9527e6b0d2449408958fd1302594dc65ec5ade9c/sponge-mixin-0.13.3+mixin.0.8.5.jar Service=Knot/Fabric Env=CLIENT
[14:56:54] [main/INFO] (FabricLoader/Mixin) Loaded Fabric development mappings for mixin remapper!
[14:56:54] [main/INFO] (FabricLoader/Mixin) Compatibility level set to JAVA_17
[14:56:54] [main/INFO] (FabricLoader/Mixin) Compatibility level set to JAVA_21
[14:56:56] [main/INFO] (FabricLoader/MixinExtras|Service) Initializing MixinExtras via com.llamalad7.mixinextras.service.MixinExtrasServiceImpl(version=0.3.5).
[14:57:02] [Datafixer Bootstrap/INFO] (Minecraft) 222 Datafixer optimizations took 503 milliseconds
[14:57:04] [Render thread/INFO] (Minecraft) Environment: Environment[sessionHost=https://sessionserver.mojang.com, servicesHost=https://api.minecraftservices.com, name=PROD]
[14:57:04] [Render thread/INFO] (Minecraft) Setting user: Player34
[14:57:05] [Render thread/INFO] (example) Server init started !
[14:57:05] [Render thread/INFO] (example) Server init finished !
[14:57:05] [Render thread/INFO] (Indigo) [Indigo] Registering Indigo renderer!
[14:57:06] [Render thread/INFO] (Minecraft) Backend library: LWJGL version 3.3.3-snapshot
[14:57:07] [Render thread/INFO] (Minecraft) Reloading ResourceManager: vanilla, fabric, example, fabric-api, fabric-api-base, fabric-api-lookup-api-v1, fabric-biome-api-v1, fabric-block-api-v1, fabric-block-view-api-v2, fabric-blockrenderlayer-v1, fabric-client-tags-api-v1, fabric-command-api-v1, fabric-command-api-v2, fabric-commands-v0, fabric-content-registries-v0, fabric-convention-tags-v1, fabric-convention-tags-v2, fabric-crash-report-info-v1, fabric-data-attachment-api-v1, fabric-data-generation-api-v1, fabric-dimensions-v1, fabric-entity-events-v1, fabric-events-interaction-v0, fabric-game-rule-api-v1, fabric-gametest-api-v1, fabric-item-api-v1, fabric-item-group-api-v1, fabric-key-binding-api-v1, fabric-keybindings-v0, fabric-lifecycle-events-v1, fabric-loot-api-v2, fabric-message-api-v1, fabric-model-loading-api-v1, fabric-models-v0, fabric-networking-api-v1, fabric-object-builder-api-v1, fabric-particles-v1, fabric-recipe-api-v1, fabric-registry-sync-v0, fabric-renderer-api-v1, fabric-renderer-indigo, fabric-renderer-registries-v1, fabric-rendering-data-attachment-v1, fabric-rendering-fluids-v1, fabric-rendering-v0, fabric-rendering-v1, fabric-resource-conditions-api-v1, fabric-resource-loader-v0, fabric-screen-api-v1, fabric-screen-handler-api-v1, fabric-sound-api-v1, fabric-transfer-api-v1, fabric-transitive-access-wideners-v1, fabricloader
[14:57:07] [Worker-Main-3/INFO] (Minecraft) Found unifont_all_no_pua-15.1.04.hex, loading
[14:57:07] [Worker-Main-3/INFO] (Minecraft) Found unifont_jp_patch-15.1.04.hex, loading
[14:57:09] [Render thread/WARN] (Minecraft) Missing sound for event: minecraft:item.goat_horn.play
[14:57:09] [Render thread/WARN] (Minecraft) Missing sound for event: minecraft:entity.goat.screaming.horn_break
[14:57:09] [Render thread/INFO] (Minecraft) OpenAL initialized on device RZ04-0318 Gaming Headset [Kraken Ultimate] Analog Stereo
[14:57:09] [Render thread/INFO] (Minecraft) Sound engine started
[14:57:09] [Render thread/INFO] (Minecraft) Created: 1024x512x4 minecraft:textures/atlas/blocks.png-atlas
[14:57:09] [Render thread/INFO] (Minecraft) Created: 256x256x4 minecraft:textures/atlas/signs.png-atlas
[14:57:09] [Render thread/INFO] (Minecraft) Created: 512x512x4 minecraft:textures/atlas/banner_patterns.png-atlas
[14:57:09] [Render thread/INFO] (Minecraft) Created: 512x512x4 minecraft:textures/atlas/shield_patterns.png-atlas
[14:57:09] [Render thread/INFO] (Minecraft) Created: 1024x1024x4 minecraft:textures/atlas/armor_trims.png-atlas
[14:57:09] [Render thread/INFO] (Minecraft) Created: 256x256x4 minecraft:textures/atlas/chest.png-atlas
[14:57:09] [Render thread/INFO] (Minecraft) Created: 128x64x4 minecraft:textures/atlas/decorated_pot.png-atlas
[14:57:09] [Render thread/INFO] (Minecraft) Created: 512x256x4 minecraft:textures/atlas/shulker_boxes.png-atlas
[14:57:09] [Render thread/INFO] (Minecraft) Created: 512x256x4 minecraft:textures/atlas/beds.png-atlas
[14:57:10] [Render thread/INFO] (Minecraft) Created: 512x256x0 minecraft:textures/atlas/particles.png-atlas
[14:57:10] [Render thread/INFO] (Minecraft) Created: 256x256x0 minecraft:textures/atlas/paintings.png-atlas
[14:57:10] [Render thread/INFO] (Minecraft) Created: 256x128x0 minecraft:textures/atlas/mob_effects.png-atlas
[14:57:10] [Render thread/INFO] (Minecraft) Created: 64x64x0 minecraft:textures/atlas/map_decorations.png-atlas
[14:57:10] [Render thread/INFO] (Minecraft) Created: 1024x512x0 minecraft:textures/atlas/gui.png-atlas
[14:57:10] [Render thread/WARN] (Minecraft) Shader rendertype_entity_translucent_emissive could not find sampler named Sampler2 in the specified shader program.
[14:57:52] [Render thread/INFO] (Minecraft) Loaded 1175 recipes
[14:57:52] [Render thread/INFO] (Minecraft) Loaded 1276 advancements
[14:57:53] [Render thread/INFO] (BiomeModificationImpl) Applied 0 biome modifications to 0 of 64 new biomes in 1.394 ms
[14:57:53] [Server thread/INFO] (Minecraft) Starting integrated minecraft server version 1.20.6
[14:57:53] [Server thread/INFO] (Minecraft) Generating keypair
[14:57:56] [Server thread/INFO] (Minecraft) Preparing start region for dimension minecraft:overworld
[14:57:58] [Render thread/INFO] (Minecraft) Preparing spawn area: 0%
[14:57:58] [Render thread/INFO] (Minecraft) Preparing spawn area: 0%
[14:57:58] [Render thread/INFO] (Minecraft) Preparing spawn area: 0%
[14:57:58] [Render thread/INFO] (Minecraft) Preparing spawn area: 0%
[14:57:58] [Render thread/INFO] (Minecraft) Preparing spawn area: 0%
[14:57:59] [Render thread/INFO] (Minecraft) Preparing spawn area: 63%
[14:57:59] [Render thread/INFO] (Minecraft) Time elapsed: 2533 ms
[14:57:59] [Server thread/INFO] (Minecraft) Changing view distance to 12, from 10
[14:57:59] [Server thread/INFO] (Minecraft) Changing simulation distance to 12, from 0
[14:58:00] [Server thread/INFO] (Minecraft) Player34[local:E:cb671fe8] logged in with entity id 7 at (-48.56761819671233, 84.4553510569848, -40.433924883604284)
[14:58:00] [Server thread/INFO] (Minecraft) Player34 joined the game
[14:58:01] [Render thread/INFO] (Minecraft) Loaded 6 advancements
[14:58:02] [Server thread/INFO] (Minecraft) Saving and pausing game...
[14:58:02] [Server thread/INFO] (Minecraft) Saving chunks for level 'ServerLevel[pp poo poo]'/minecraft:overworld
[14:58:02] [Server thread/INFO] (Minecraft) Saving chunks for level 'ServerLevel[pp poo poo]'/minecraft:the_end
[14:58:02] [Server thread/INFO] (Minecraft) Saving chunks for level 'ServerLevel[pp poo poo]'/minecraft:the_nether
[14:58:25] [Server thread/INFO] (Minecraft) [Player34: Killed 11 entities]
[14:58:25] [Render thread/INFO] (Minecraft) [System] [CHAT] Killed 11 entities
[14:58:26] [Server thread/INFO] (Minecraft) [Player34: Killed 20 entities]
[14:58:26] [Render thread/INFO] (Minecraft) [System] [CHAT] Killed 20 entities
[14:58:38] [Server thread/INFO] (Minecraft) [Player34: Killed 2 entities]
[14:58:38] [Render thread/INFO] (Minecraft) [System] [CHAT] Killed 2 entities
[14:58:39] [Render thread/INFO] (Minecraft) Loaded 12 advancements
[14:58:40] [Server thread/INFO] (Minecraft) [Player34: Killed Leather]
[14:58:40] [Render thread/INFO] (Minecraft) [System] [CHAT] Killed Leather
[14:58:43] [Server thread/INFO] (Minecraft) Saving and pausing game...
[14:58:43] [Server thread/INFO] (Minecraft) Saving chunks for level 'ServerLevel[pp poo poo]'/minecraft:overworld
[14:58:43] [Server thread/INFO] (Minecraft) Saving chunks for level 'ServerLevel[pp poo poo]'/minecraft:the_end
[14:58:43] [Server thread/INFO] (Minecraft) Saving chunks for level 'ServerLevel[pp poo poo]'/minecraft:the_nether
